--------------------------------------------------------
Running SSW, Last Updated: Wed Nov 2 22:22:51 GMT 2005
 
PROBLEMS? - e-mail TO: freeland@penumbra.nascom.nasa.gov
--------------------------------------------------------
Executing SSW IDL_STARTUP for: GEN
Executing SSW IDL_STARTUP for: STEREO gen tree
Registering DLM /Users/solmon/ssw/stereo/gen/exe/icy/darwin_i386/lib/icy.dlm
Executing SSW IDL_STARTUP for: EIT
executing EIT IDL_STARTUP
Executing SSW IDL_STARTUP for: SECCHI
Including Paths:
 -----------------------------
| $SSW/packages/mjastereo/idl |
 -----------------------------
Including Paths:
 -----------------------------------------------
| $SSW/packages/nrl/idl/nrlgen/analysis         |
| $SSW/packages/nrl/idl/nrlgen/dfanning         |
| $SSW/packages/nrl/idl/nrlgen/display/diva     |
| $SSW/packages/nrl/idl/nrlgen/display          |
| $SSW/packages/nrl/idl/nrlgen/lascoeit         |
| $SSW/packages/nrl/idl/nrlgen/time             |
| $SSW/packages/nrl/idl/nrlgen/util/discri_pobj |
| $SSW/packages/nrl/idl/nrlgen/util             |
| $SSW/packages/nrl/idl/nrlgen/widgets          |
 -----------------------------------------------
Executing SSW IDL_STARTUP for: SITE
THE TIME IS NOW 25-Jan-2012 20:00:04
Done date stuff
Damn it gurman!
getting srs
done getting srs
concating AR summary
FILE_LIST: No files found
 -----------------------------------------------------------
| Retrieving latest events dbase:                           |
| www.lmsal.com/solarsoft/latest_events/ssw_gev_locate.geny |
 -----------------------------------------------------------
done concating AR summary
doing ar comb
Summary Size:            7
done ar_comb
generating meta data
done generating meta data
/usr/local/bin/convert /Users/solmon/Sites/idl/tmp/Xray.gif /Users/solmon/Sites/data/20120125/pngs/goes/goes_xrays_20120125.png
/usr/local/bin/convert /Users/solmon/Sites/idl/tmp/Electron.gif /Users/solmon/Sites/data/20120125/pngs/goes/goes_elect_20120125.png
/usr/local/bin/convert /Users/solmon/Sites/idl/tmp/Proton.gif /Users/solmon/Sites/data/20120125/pngs/goes/goes_prtns_20120125.png
Getting SWAP Image
 
Pointing to remote archive: http://proba2.oma.be/swap/data/
 
 
Pointing to remote archive: http://proba2.oma.be/swap/data/
 
 
Files were found.
 
FILE_LIST       STRING    = Array[414]
 
Searching local directory...
 
 
Copying data...
 
 
Reading files...
 
 
The files were read successfully.
 
done swap stuff
ZB_PLOT         BYTE      = Array[1500, 1500]
 
Data written to <swap_00174_fd_20120125_190009_pre.png>.
Data written to <swap_00174_fd_20120125_190009.fts>.
Data written to <swap_00174_imagemap_20120125.txt>.
 
Getting XRT Image
 
Files were found.
 
FILE_LIST       STRING    = Array[1]
 
Searching local directory...
 
 
Copying data...
 
Doing prop stuff
done xrt stuff
ZB_PLOT         BYTE      = Array[1500, 1500]
 
Data written to <hxrt_flter_fd_20120124_180344_pre.png>.
Data written to <hxrt_flter_fd_20120124_180344.fts>.
Data written to <hxrt_flter_imagemap_20120125.txt>.
 
Getting TRACE Mosaic
http://sohowww.nascom.nasa.gov/data/synoptic/trace/stra_00171_fd_20100620_2106.fts
MRDFITS: Image array (1024,1024)  Type=Int*2
 ---------------------------------------------
| Could not determine time tags, returning... |
 ---------------------------------------------
Status:    1
Got Mosaic
Doing prop stuff
done trace stuff
ZB_PLOT         BYTE      = Array[1500, 1500]
 
Data written to <trce_m0171_fd_20100620_210655_pre.png>.
Data written to <trce_m0171_fd_20100620_210655.fts>.
Data written to <trce_m0171_imagemap_20120125.txt>.
 
 
Connecting to gong2.nso.edu ...
Listing files ...
 
Connecting to gong2.nso.edu ...
Listing files ...
 
Connecting to gong2.nso.edu ...
Listing files ...
 
Connecting to gong2.nso.edu ...
Listing files ...
 
Connecting to gong2.nso.edu ...
Listing files ...
No GONG2 FITS found...
ZB_PLOT         BYTE      = Array[1500, 1500]
 
Data written to <gong_maglc_fd_20120125_000000_pre.png>.
Data written to <gong_maglc_fd_20120125_000000.fts>.
Data written to <gong_maglc_imagemap_20120125.txt>.
 
 
Connecting to gong2.nso.edu ...
Listing files ...
 
Connecting to gong2.nso.edu ...
Listing files ...
 
Connecting to gong2.nso.edu ...
Listing files ...
 
Connecting to gong2.nso.edu ...
Listing files ...
 
Connecting to gong2.nso.edu ...
Listing files ...
No GONG2 FITS found...
Searching for BBSO data...
H-alpha data for 20120125 transferred.
 
Searching for KANZELHOHE data...
ZB_PLOT         BYTE      = Array[1500, 1500]
 
Data written to <bbso_halph_fd_20120125_092610_pre.png>.
Data written to <bbso_halph_fd_20120125_092610.fts>.
Data written to <bbso_halph_imagemap_20120125.txt>.
 
Getting GONG Farside Image
Doing prop stuff
done farside stuff
ZB_PLOT         BYTE      = Array[1500, 1500]
 
Data written to <gong_farsd_fd_20120124_000000_pre.png>.
Data written to <gong_farsd_fd_20120124_000000.fts>.
Data written to <gong_farsd_imagemap_20120125.txt>.
 
Getting SOLIS Chromosphere Image
Doing prop stuff
done chromospheric stuff
ZB_PLOT         BYTE      = Array[1500, 1500]
 
Data written to <slis_chrom_fd_20120125_170025_pre.png>.
Data written to <slis_chrom_fd_20120125_170025.fts>.
Data written to <slis_chrom_imagemap_20120125.txt>.
 
Getting Stereo A Image
Doing prop stuff
done stereo a stuff
ZB_PLOT         BYTE      = Array[1500, 1500]
 
Data written to <stra_00195_fd_20120125_194530_pre.png>.
Data written to <stra_00195_fd_20120125_194530.fts>.
Data written to <stra_00195_imagemap_20120125.txt>.
 
Getting Stereo B Image
Doing prop stuff
done stereo b stuff
ZB_PLOT         BYTE      = Array[1500, 1500]
 
Data written to <strb_00195_fd_20120125_184618_pre.png>.
Data written to <strb_00195_fd_20120125_184618.fts>.
Data written to <strb_00195_imagemap_20120125.txt>.
 
Getting SDO AIA 171
Doing prop stuff
done sdo aia 171 stuff
ZB_PLOT         BYTE      = Array[1500, 1500]
 
Data written to <saia_00171_fd_20120125_200411_pre.png>.
Data written to <saia_00171_fd_20120125_200411.fts>.
Data written to <saia_00171_imagemap_20120125.txt>.
 
Getting SDO AIA 304
Doing prop stuff
done sdo aia 304 stuff
ZB_PLOT         BYTE      = Array[1500, 1500]
 
Data written to <saia_00304_fd_20120125_200406_pre.png>.
Data written to <saia_00304_fd_20120125_200406.fts>.
Data written to <saia_00304_imagemap_20120125.txt>.
 
Getting SDO AIA 193
Doing prop stuff
done sdo aia 193 stuff
ZB_PLOT         BYTE      = Array[1500, 1500]
 
Data written to <saia_00193_fd_20120125_200404_pre.png>.
Data written to <saia_00193_fd_20120125_200404.fts>.
Data written to <saia_00193_imagemap_20120125.txt>.
 
Getting SDO AIA 4500
Doing prop stuff
done sdo aia 4500 stuff
ZB_PLOT         BYTE      = Array[1500, 1500]
 
Data written to <saia_04500_fd_20120125_200008_pre.png>.
Data written to <saia_04500_fd_20120125_200008.fts>.
Data written to <saia_04500_imagemap_20120125.txt>.
 
Getting SDO AIA 094
Doing prop stuff
done sdo aia 094 stuff
ZB_PLOT         BYTE      = Array[1500, 1500]
 
Data written to <saia_00094_fd_20120125_200411_pre.png>.
Data written to <saia_00094_fd_20120125_200411.fts>.
Data written to <saia_00094_imagemap_20120125.txt>.
 
Getting SDO AIA 131
Doing prop stuff
done sdo aia 131 stuff
ZB_PLOT         BYTE      = Array[1500, 1500]
 
Data written to <saia_00131_fd_20120125_200404_pre.png>.
Data written to <saia_00131_fd_20120125_200404.fts>.
Data written to <saia_00131_imagemap_20120125.txt>.
 
Getting SDO AIA 211
SOCK_COPY failed.
Getting SDO AIA 335
Doing prop stuff
done sdo aia 335 stuff
ZB_PLOT         BYTE      = Array[1500, 1500]
 
Data written to <saia_00335_fd_20120125_200354_pre.png>.
Data written to <saia_00335_fd_20120125_200354.fts>.
Data written to <saia_00335_imagemap_20120125.txt>.
 
Getting SDO AIA 1600
Doing prop stuff
done sdo aia 1600 stuff
ZB_PLOT         BYTE      = Array[1500, 1500]
 
Data written to <saia_01600_fd_20120125_200729_pre.png>.
Data written to <saia_01600_fd_20120125_200729.fts>.
Data written to <saia_01600_imagemap_20120125.txt>.
 
Getting SDO AIA 1700
Doing prop stuff
done sdo aia 1700 stuff
ZB_PLOT         BYTE      = Array[1500, 1500]
 
Data written to <saia_01700_fd_20120125_200743_pre.png>.
Data written to <saia_01700_fd_20120125_200743.fts>.
Data written to <saia_01700_imagemap_20120125.txt>.
 
Getting SDO HMI MAG
Doing prop stuff
done sdo hmi maglc stuff
ZB_PLOT         BYTE      = Array[1500, 1500]
 
Data written to <shmi_maglc_fd_20120125_113418_pre.png>.
Data written to <shmi_maglc_fd_20120125_113418.fts>.
Data written to <shmi_maglc_imagemap_20120125.txt>.
 
All Instruments have executed successfully! Score!
Doing full-disk thumbs: perl process_thumbs.pl 20120125
Done full-disk thumbs: 
 Completed: 11401
 Completed: 11402
 Completed: 11405
 Completed: 11407
 Completed: 11408
 Completed: 11409
 Completed: 11399
Doing TRACE: 11401
Done TRACE: 11401
 Completed: 11401
Doing TRACE: 11402
Done TRACE: 11402
 Completed: 11402
Doing TRACE: 11405
Done TRACE: 11405
 Completed: 11405
Doing TRACE: 11407
Done TRACE: 11407
 Completed: 11407
Doing TRACE: 11408
Done TRACE: 11408
 Completed: 11408
Doing TRACE: 11409
Done TRACE: 11409
 Completed: 11409
Doing TRACE: 11399
Done TRACE: 11399
 Completed: 11399
 Completed: 11401
 Completed: 11402
 Completed: 11405
 Completed: 11407
 Completed: 11408
 Completed: 11409
 Completed: 11399
 Completed: 11401
 Completed: 11402
 Completed: 11405
 Completed: 11407
 Completed: 11408
 Completed: 11409
 Completed: 11399
% MAP2FITS: syntax --> map2fits,map,file
 Completed: 11401
% MAP2FITS: syntax --> map2fits,map,file
 Completed: 11402
 Completed: 11405
 Completed: 11407
 Completed: 11408
 Completed: 11409
 Completed: 11399
% MAP2FITS: syntax --> map2fits,map,file
 Completed: 11401
% MAP2FITS: syntax --> map2fits,map,file
 Completed: 11402
% MAP2FITS: syntax --> map2fits,map,file
 Completed: 11405
% MAP2FITS: syntax --> map2fits,map,file
 Completed: 11407
% MAP2FITS: syntax --> map2fits,map,file
 Completed: 11408
% MAP2FITS: syntax --> map2fits,map,file
 Completed: 11409
% MAP2FITS: syntax --> map2fits,map,file
 Completed: 11399
 Completed: 11401
 Completed: 11402
 Completed: 11405
 Completed: 11407
 Completed: 11408
 Completed: 11409
 Completed: 11399
 Completed: 11401
 Completed: 11402
 Completed: 11405
 Completed: 11407
 Completed: 11408
 Completed: 11409
 Completed: 11399
 Completed: 11401
 Completed: 11402
 Completed: 11405
 Completed: 11407
 Completed: 11408
 Completed: 11409
 Completed: 11399
 Completed: 11401
 Completed: 11402
 Completed: 11405
 Completed: 11407
 Completed: 11408
 Completed: 11409
 Completed: 11399
 Completed: 11401
 Completed: 11402
 Completed: 11405
 Completed: 11407
 Completed: 11408
 Completed: 11409
 Completed: 11399
 Completed: 11401
 Completed: 11402
 Completed: 11405
 Completed: 11407
 Completed: 11408
 Completed: 11409
 Completed: 11399
 Completed: 11401
 Completed: 11402
 Completed: 11405
 Completed: 11407
 Completed: 11408
 Completed: 11409
 Completed: 11399
 Completed: 11401
 Completed: 11402
 Completed: 11405
 Completed: 11407
 Completed: 11408
 Completed: 11409
 Completed: 11399
 Completed: 11401
 Completed: 11402
 Completed: 11405
 Completed: 11407
 Completed: 11408
 Completed: 11409
 Completed: 11399
 Completed: 11401
 Completed: 11402
 Completed: 11405
 Completed: 11407
 Completed: 11408
 Completed: 11409
 Completed: 11399
 Completed: 11401
 Completed: 11402
 Completed: 11405
 Completed: 11407
 Completed: 11408
 Completed: 11409
 Completed: 11399
 Completed: 11401
 Completed: 11402
 Completed: 11405
 Completed: 11407
 Completed: 11408
 Completed: 11409
 Completed: 11399
 Completed: 11401
 Completed: 11402
 Completed: 11405
 Completed: 11407
 Completed: 11408
 Completed: 11409
 Completed: 11399
All Regions have executed successfully! Score!
Doing AR zoom-in thumbs: perl process_thumbs.pl 20120125
Done AR zoom-in thumbs: 
DID GET_IONOSPHERE
DID GET_POES_MOVIE
