OS->OSX
--------------------------------------------------------
Running SSW, Last Updated: Wed Nov 2 22:22:51 GMT 2005

?? Why work with 1 FITS header when you can work with 100 FITS structures ??

IDL> mreadfits, FITSFILES, fitsstruct                    ; headers->structs 
IDL> ss=struct_where(fitsstruct,test=['naxis1>=512',$    ; some filter(s)
               'wave_len=171,195',$                      ; 
               'xcen=700~850','ycen= -100~100'], sscnt)  ; 
IDL> if sscnt gt 0 then $                                ; any matches?   
         mreadfits, FITSFILES(ss), index, data3d         ; then read data
 
 
PROBLEMS? - e-mail TO: freeland@penumbra.nascom.nasa.gov
--------------------------------------------------------
Executing SSW IDL_STARTUP for: GEN
Executing SSW IDL_STARTUP for: EIT
executing EIT IDL_STARTUP
Executing SSW IDL_STARTUP for: SITE
Done date stuff
getting srs
done getting srs
concating AR summary
FILE_LIST: No files found
 -----------------------------------------------------------
| Retrieving latest events dbase:                           |
| www.lmsal.com/solarsoft/latest_events/ssw_gev_locate.geny |
 -----------------------------------------------------------
done concating AR summary
doing ar comb
Summary Size:            2
done ar_comb
Doing hsi_obs_times
% HSI_OBS_TIMES: Plot written to /Volumes/space1/arm/data/20060526/pngs/gxrs/gxrs_rhessi_20060526.png
Done hsi_obs_times
 
Connecting to the GONG+ database (solarch.tuc.noao.edu) ...
Locating file closest to 20060526 ...
No GONG+ magnetogram available for 20060526.
Searching for data on 20060525...

 
Connecting to the GONG+ database (solarch.tuc.noao.edu) ...
Locating file closest to 20060525 ...
No GONG+ magnetogram available for 20060525.
Searching for data on 20060524...

 
Connecting to the GONG+ database (solarch.tuc.noao.edu) ...
Locating file closest to 20060524 ...
No GONG+ magnetogram available for 20060524.
Searching for data on 20060523...

 
Connecting to the GONG+ database (solarch.tuc.noao.edu) ...
Locating file closest to 20060523 ...
No GONG+ magnetogram available for 20060523.
Searching for data on 20060522...

 
Connecting to the GONG+ database (solarch.tuc.noao.edu) ...
Locating file closest to 20060522 ...
No GONG+ magnetogram available for 20060522.
Searching for data on 20060521...

 
Connecting to the GONG+ database (solarch.tuc.noao.edu) ...
Locating file closest to 20060521 ...
No GONG+ magnetogram available for 20060521.
Searching for data on 20060520...

 
Connecting to the GONG+ database (solarch.tuc.noao.edu) ...
Locating file closest to 20060520 ...
No GONG+ magnetogram available for 20060520.
Searching for data on 20060519...

ZB_PLOT         BYTE      = Array[681, 681]
 
Data written to <gong_maglc_fd_20060526_000000.png>.
Data written to <gong_maglc_fd_20060526_000000.fts>.
Data written to <gong_maglc_imagemap_20060526.txt>.
 
MRDFITS: Image array (1024,1024)  Type=Real*4
ZB_PLOT         BYTE      = Array[681, 681]
 
Data written to <seit_00195_fd_20060526_091127.png>.
Data written to <seit_00195_fd_20060526_091127.fts>.
Data written to <seit_00195_imagemap_20060526.txt>.
 
MRDFITS: Image array (1024,1024)  Type=Real*4
ZB_PLOT         BYTE      = Array[681, 681]
 
Data written to <seit_00284_fd_20060526_070524.png>.
Data written to <seit_00284_fd_20060526_070524.fts>.
Data written to <seit_00284_imagemap_20060526.txt>.
 
 
Connecting to the MDI database (umbra.nascom.nasa.gov) ...
Locating file closest to 20060526 ...
MDI white-light for 20060526 transferred.

ZB_PLOT         BYTE      = Array[681, 681]
 
Data written to <smdi_igram_fd_20060526_080000.png>.
Data written to <smdi_igram_fd_20060526_080000.fts>.
Data written to <smdi_igram_imagemap_20060526.txt>.
 
 
Connecting to the MDI database (sohoftp.nascom.nasa.gov) ...
Locating file closest to 20060526 ...
MDI magnetogram for 20060526 transferred.

ZB_PLOT         BYTE      = Array[681, 681]
 
Data written to <smdi_maglc_fd_20060526_092800.png>.
Data written to <smdi_maglc_fd_20060526_092800.fts>.
Data written to <smdi_maglc_imagemap_20060526.txt>.
 
 
Connecting to the BBSO database (bbso.njit.edu) ...
Locating file closest to 20060526 ...
No H-alpha data available for 20060526.
Searching for data on 20060525...
 
 
Connecting to the BBSO database (bbso.njit.edu) ...
Locating file closest to 20060525 ...
H-alpha data for 20060525 transferred.
 
ZB_PLOT         BYTE      = Array[681, 681]
 
Data written to <bbso_halph_fd_20060525_061054.png>.
Data written to <bbso_halph_fd_20060525_061054.fts>.
Data written to <bbso_halph_imagemap_20060526.txt>.
 
MRDFITS: Image array (1024,1024)  Type=Real*4
ZB_PLOT         BYTE      = Array[681, 681]
 
Data written to <seit_00171_fd_20060526_065930.png>.
Data written to <seit_00171_fd_20060526_065930.fts>.
Data written to <seit_00171_imagemap_20060526.txt>.
 
MRDFITS: Image array (1024,1024)  Type=Real*4
ZB_PLOT         BYTE      = Array[681, 681]
 
Data written to <seit_00304_fd_20060526_071857.png>.
Data written to <seit_00304_fd_20060526_071857.fts>.
Data written to <seit_00304_imagemap_20060526.txt>.
 
MRDFITS: ASCII table.   7 columns by  3 rows.
MRDFITS: ASCII table.   7 columns by  1 rows.
ZB_PLOT         BYTE      = Array[681, 681]
 
Data written to <gsxi_flter_fd_20060526_005858.png>.
Data written to <gsxi_flter_fd_20060526_005858.fts>.
Data written to <gsxi_flter_imagemap_20060526.txt>.
 
Doing Thumbs: perl process_thumbs.pl 20060526
/Volumes/space1/arm/data/20060526/pngs/thmbbase name bbso_halph_thumb
Cropping /Volumes/space1/arm/data/20060526/pngs/thmb/bbso_halph_thumb_pre.png 
Writing to /Volumes/space1/arm/data/20060526/pngs/thmb/bbso_halph_thumb.png
Resizing /Volumes/space1/arm/data/20060526/pngs/thmb/bbso_halph_thumb_pre.png 
base name gsxi_flter_thumb
Cropping /Volumes/space1/arm/data/20060526/pngs/thmb/gsxi_flter_thumb_pre.png 
Writing to /Volumes/space1/arm/data/20060526/pngs/thmb/gsxi_flter_thumb.png
Resizing /Volumes/space1/arm/data/20060526/pngs/thmb/gsxi_flter_thumb_pre.png 
base name seit_00171_thumb
Cropping /Volumes/space1/arm/data/20060526/pngs/thmb/seit_00171_thumb_pre.png 
Writing to /Volumes/space1/arm/data/20060526/pngs/thmb/seit_00171_thumb.png
Resizing /Volumes/space1/arm/data/20060526/pngs/thmb/seit_00171_thumb_pre.png 
base name seit_00195_thumb
Cropping /Volumes/space1/arm/data/20060526/pngs/thmb/seit_00195_thumb_pre.png 
Writing to /Volumes/space1/arm/data/20060526/pngs/thmb/seit_00195_thumb.png
Resizing /Volumes/space1/arm/data/20060526/pngs/thmb/seit_00195_thumb_pre.png 
base name seit_00284_thumb
Cropping /Volumes/space1/arm/data/20060526/pngs/thmb/seit_00284_thumb_pre.png 
Writing to /Volumes/space1/arm/data/20060526/pngs/thmb/seit_00284_thumb.png
Resizing /Volumes/space1/arm/data/20060526/pngs/thmb/seit_00284_thumb_pre.png 
base name seit_00304_thumb
Cropping /Volumes/space1/arm/data/20060526/pngs/thmb/seit_00304_thumb_pre.png 
Writing to /Volumes/space1/arm/data/20060526/pngs/thmb/seit_00304_thumb.png
Resizing /Volumes/space1/arm/data/20060526/pngs/thmb/seit_00304_thumb_pre.png 
base name smdi_igram_thumb
Cropping /Volumes/space1/arm/data/20060526/pngs/thmb/smdi_igram_thumb_pre.png 
Writing to /Volumes/space1/arm/data/20060526/pngs/thmb/smdi_igram_thumb.png
Resizing /Volumes/space1/arm/data/20060526/pngs/thmb/smdi_igram_thumb_pre.png 
base name smdi_maglc_thumb
Cropping /Volumes/space1/arm/data/20060526/pngs/thmb/smdi_maglc_thumb_pre.png 
Writing to /Volumes/space1/arm/data/20060526/pngs/thmb/smdi_maglc_thumb.png
Resizing /Volumes/space1/arm/data/20060526/pngs/thmb/smdi_maglc_thumb_pre.png 
Done Thumbs: 
 Completed: 10885
 Completed: 10886
 Completed: 10885
 Completed: 10886
 Completed: 10885
 Completed: 10886
 Completed: 10885
 Completed: 10886
 Completed: 10885
 Completed: 10886
 Completed: 10885
 Completed: 10886
 Completed: 10885
 Completed: 10886
 Completed: 10885
 Completed: 10886
 Completed: 10885
 Completed: 10886
