OS->
--------------------------------------------------------
Running SSW, Last Updated: Wed Nov 2 22:22:51 GMT 2005
 
PROBLEMS? - e-mail TO: freeland@penumbra.nascom.nasa.gov
--------------------------------------------------------
Executing SSW IDL_STARTUP for: GEN
Executing SSW IDL_STARTUP for: EIT
executing EIT IDL_STARTUP
Executing SSW IDL_STARTUP for: ONTOLOGY
Executing SSW IDL_STARTUP for: SITE
Including Paths:
 ---------------------------------
| $SSW/yohkoh/ucon/idl/acton      |
| $SSW/yohkoh/ucon/idl/bentley    |
| $SSW/yohkoh/ucon/idl/freeland   |
| $SSW/yohkoh/ucon/idl/hudson     |
| $SSW/yohkoh/ucon/idl/labonte    |
| $SSW/yohkoh/ucon/idl/lemen      |
| $SSW/yohkoh/ucon/idl/linford    |
| $SSW/yohkoh/ucon/idl/mcallister |
| $SSW/yohkoh/ucon/idl/sato       |
| $SSW/yohkoh/ucon/idl/mctiernan  |
| $SSW/yohkoh/ucon/idl/metcalf    |
| $SSW/yohkoh/ucon/idl/morrison   |
| $SSW/yohkoh/ucon/idl/sakao      |
| $SSW/yohkoh/ucon/idl/schwartz   |
| $SSW/yohkoh/ucon/idl/slater     |
| $SSW/yohkoh/ucon/idl/wuelser    |
| $SSW/yohkoh/ucon/idl/zarro      |
 ---------------------------------
THISDATE = 20110214
THE TIME IS NOW 14-Feb-2011 11:21:07
FILELIST = 


SMART_EXTRACT_AR
NO FILES FOUND
SMART RUN TIME: 0.0000000 MINUTES.
Filelist:
SMART RUN TIME: 0.033333333 MINUTES.
