Start:  Wed 21 Dec 2011 11:47:27 UTC  End:  Wed Dec 21 12:14:13 UTC 2011
Execution time:  -33 mins \n
Start:  Wed Dec 21 12:20:00 UTC 2011  End:  Wed Dec 21 12:40:04 UTC 2011
Execution time:  20 mins \n
Start:  Wed Dec 21 12:50:02 UTC 2011  End:  Wed Dec 21 13:09:36 UTC 2011
Execution time:  -41 mins \n
Start:  Wed 21 Dec 2011 13:50:54 UTC  End:  Wed Dec 21 14:10:56 UTC 2011
Execution time:  -40 mins \n
Start:  Wed Dec 21 14:20:01 UTC 2011  End:  Wed Dec 21 14:40:19 UTC 2011
Execution time:  20 mins \n
Start:  Wed 21 Dec 2011 15:29:38 UTC  End:  Wed Dec 21 15:48:21 UTC 2011
Execution time:  19 mins \n
Start:  Wed Dec 21 16:00:01 UTC 2011  End:  Wed Dec 21 16:19:54 UTC 2011
Execution time:  19 mins \n
Start:  Wed Dec 21 18:00:02 UTC 2011  End:  Wed Dec 21 18:22:41 UTC 2011
Execution time:  22 mins \n
Start:  Wed Dec 21 20:00:01 UTC 2011  End:  Wed Dec 21 20:18:23 UTC 2011
Execution time:  18 mins \n
Start:  Wed Dec 21 22:00:01 UTC 2011  End:  Wed Dec 21 22:21:10 UTC 2011
Execution time:  21 mins \n
Start:  Thu Dec 22 00:00:01 UTC 2011  End:  Thu Dec 22 00:00:09 UTC 2011
Execution time:  0 mins \n
Start:  Thu Dec 22 02:00:00 UTC 2011  End:  Thu Dec 22 02:15:23 UTC 2011
Execution time:  15 mins \n
Start:  Thu Dec 22 04:00:00 UTC 2011  End:  Thu Dec 22 04:15:36 UTC 2011
Execution time:  15 mins \n
Start:  Thu Dec 22 06:00:00 UTC 2011  End:  Thu Dec 22 06:18:00 UTC 2011
Execution time:  18 mins \n
Start:  Thu Dec 22 08:00:01 UTC 2011  End:  Thu Dec 22 08:16:52 UTC 2011
Execution time:  16 mins \n
Start:  Thu Dec 22 10:00:01 UTC 2011  End:  Thu Dec 22 10:18:00 UTC 2011
Execution time:  18 mins \n
Start:  Thu Dec 22 12:00:01 UTC 2011  End:  Thu Dec 22 12:20:17 UTC 2011
Execution time:  20 mins \n
Start:  Thu Dec 22 14:00:01 UTC 2011  End:  Thu Dec 22 14:17:11 UTC 2011
Execution time:  17 mins \n
Start:  Thu Dec 22 16:00:00 UTC 2011  End:  Thu Dec 22 16:18:30 UTC 2011
Execution time:  18 mins \n
Start:  Thu Dec 22 18:00:00 UTC 2011  End:  Thu Dec 22 18:19:04 UTC 2011
Execution time:  19 mins \n
Start:  Thu Dec 22 20:00:01 UTC 2011  End:  Thu Dec 22 20:20:01 UTC 2011
Execution time:  20 mins \n
Start:  Thu Dec 22 22:00:00 UTC 2011  End:  Thu Dec 22 22:18:27 UTC 2011
Execution time:  18 mins \n
Start:  Fri Dec 23 00:00:01 UTC 2011  End:  Fri Dec 23 00:00:11 UTC 2011
Execution time:  0 mins \n
Start:  Fri Dec 23 02:00:01 UTC 2011  End:  Fri Dec 23 02:16:14 UTC 2011
Execution time:  16 mins \n
Start:  Fri Dec 23 04:00:01 UTC 2011  End:  Fri Dec 23 04:18:09 UTC 2011
Execution time:  18 mins \n
Start:  Fri Dec 23 06:00:00 UTC 2011  End:  Fri Dec 23 06:17:34 UTC 2011
Execution time:  17 mins \n
Start:  Fri Dec 23 08:00:01 UTC 2011  End:  Fri Dec 23 08:18:41 UTC 2011
Execution time:  18 mins \n
Start:  Fri Dec 23 10:00:01 UTC 2011  End:  Fri Dec 23 10:17:13 UTC 2011
Execution time:  17 mins \n
Start:  Fri Dec 23 12:00:01 UTC 2011  End:  Fri Dec 23 12:29:33 UTC 2011
Execution time:  29 mins \n
Start:  Fri Dec 23 14:00:00 UTC 2011  End:  Fri Dec 23 14:16:50 UTC 2011
Execution time:  16 mins \n
Start:  Fri Dec 23 16:00:00 UTC 2011  End:  Fri Dec 23 16:17:41 UTC 2011
Execution time:  17 mins \n
Start:  Fri Dec 23 18:00:01 UTC 2011  End:  Fri Dec 23 18:17:05 UTC 2011
Execution time:  17 mins \n
Start:  Fri Dec 23 20:00:01 UTC 2011  End:  Fri Dec 23 20:17:13 UTC 2011
Execution time:  17 mins \n
Start:  Fri Dec 23 22:00:01 UTC 2011  End:  Fri Dec 23 22:17:57 UTC 2011
Execution time:  17 mins \n
Start:  Sat Dec 24 00:00:01 UTC 2011  End:  Sat Dec 24 00:00:09 UTC 2011
Execution time:  0 mins \n
Start:  Sat Dec 24 02:00:01 UTC 2011  End:  Sat Dec 24 02:15:46 UTC 2011
Execution time:  15 mins \n
Start:  Sat Dec 24 04:00:01 UTC 2011  End:  Sat Dec 24 04:18:25 UTC 2011
Execution time:  18 mins \n
Start:  Sat Dec 24 06:00:00 UTC 2011  End:  Sat Dec 24 06:18:53 UTC 2011
Execution time:  18 mins \n
Start:  Sat Dec 24 08:00:01 UTC 2011  End:  Sat Dec 24 08:17:38 UTC 2011
Execution time:  17 mins \n
Start:  Sat Dec 24 10:00:01 UTC 2011  End:  Sat Dec 24 10:18:55 UTC 2011
Execution time:  18 mins \n
Start:  Sat Dec 24 12:00:01 UTC 2011  End:  Sat Dec 24 12:18:34 UTC 2011
Execution time:  18 mins \n
Start:  Sat Dec 24 14:00:01 UTC 2011  End:  Sat Dec 24 14:18:23 UTC 2011
Execution time:  18 mins \n
Start:  Sat Dec 24 16:00:01 UTC 2011  End:  Sat Dec 24 16:17:48 UTC 2011
Execution time:  17 mins \n
Start:  Sat Dec 24 18:00:01 UTC 2011  End:  Sat Dec 24 18:17:19 UTC 2011
Execution time:  17 mins \n
Start:  Sat Dec 24 20:00:00 UTC 2011  End:  Sat Dec 24 20:18:07 UTC 2011
Execution time:  18 mins \n
Start:  Sat Dec 24 22:00:01 UTC 2011  End:  Sat Dec 24 22:18:19 UTC 2011
Execution time:  18 mins \n
Start:  Sun Dec 25 00:00:01 UTC 2011  End:  Sun Dec 25 00:00:07 UTC 2011
Execution time:  0 mins \n
Start:  Sun Dec 25 02:00:01 UTC 2011  End:  Sun Dec 25 02:15:01 UTC 2011
Execution time:  15 mins \n
Start:  Sun Dec 25 04:00:00 UTC 2011  End:  Sun Dec 25 04:16:09 UTC 2011
Execution time:  16 mins \n
Start:  Sun Dec 25 06:00:00 UTC 2011  End:  Sun Dec 25 06:16:55 UTC 2011
Execution time:  16 mins \n
Start:  Sun Dec 25 08:00:01 UTC 2011  End:  Sun Dec 25 08:17:00 UTC 2011
Execution time:  17 mins \n
Start:  Sun Dec 25 10:00:00 UTC 2011  End:  Sun Dec 25 10:15:36 UTC 2011
Execution time:  15 mins \n
Start:  Sun Dec 25 12:00:01 UTC 2011  End:  Sun Dec 25 12:17:21 UTC 2011
Execution time:  17 mins \n
Start:  Sun Dec 25 14:00:01 UTC 2011  End:  Sun Dec 25 14:15:43 UTC 2011
Execution time:  15 mins \n
Start:  Sun Dec 25 16:00:01 UTC 2011  End:  Sun Dec 25 16:16:03 UTC 2011
Execution time:  16 mins \n
Start:  Sun Dec 25 18:00:01 UTC 2011  End:  Sun Dec 25 18:16:38 UTC 2011
Execution time:  16 mins \n
Start:  Sun Dec 25 20:00:01 UTC 2011  End:  Sun Dec 25 20:17:31 UTC 2011
Execution time:  17 mins \n
Start:  Sun Dec 25 22:00:01 UTC 2011  End:  Sun Dec 25 22:16:22 UTC 2011
Execution time:  16 mins \n
Start:  Mon Dec 26 00:00:00 UTC 2011  End:  Mon Dec 26 00:00:06 UTC 2011
Execution time:  0 mins \n
Start:  Mon Dec 26 02:00:01 UTC 2011  End:  Mon Dec 26 02:15:31 UTC 2011
Execution time:  15 mins \n
Start:  Mon Dec 26 04:00:01 UTC 2011  End:  Mon Dec 26 04:18:09 UTC 2011
Execution time:  18 mins \n
Start:  Mon Dec 26 06:00:00 UTC 2011  End:  Mon Dec 26 06:15:51 UTC 2011
Execution time:  15 mins \n
Start:  Mon Dec 26 08:00:01 UTC 2011  End:  Mon Dec 26 08:17:11 UTC 2011
Execution time:  17 mins \n
Start:  Mon Dec 26 10:00:01 UTC 2011  End:  Mon Dec 26 10:19:14 UTC 2011
Execution time:  19 mins \n
Start:  Mon Dec 26 12:00:01 UTC 2011  End:  Mon Dec 26 12:17:46 UTC 2011
Execution time:  17 mins \n
Start:  Mon Dec 26 14:00:01 UTC 2011  End:  Mon Dec 26 14:16:51 UTC 2011
Execution time:  16 mins \n
Start:  Mon Dec 26 16:00:01 UTC 2011  End:  Mon Dec 26 16:17:01 UTC 2011
Execution time:  17 mins \n
Start:  Mon Dec 26 18:00:01 UTC 2011  End:  Mon Dec 26 18:16:47 UTC 2011
Execution time:  16 mins \n
Start:  Mon Dec 26 20:00:00 UTC 2011  End:  Mon Dec 26 20:16:46 UTC 2011
Execution time:  16 mins \n
Start:  Mon Dec 26 22:00:01 UTC 2011  End:  Mon Dec 26 22:16:58 UTC 2011
Execution time:  16 mins \n
Start:  Tue Dec 27 00:00:01 UTC 2011  End:  Tue Dec 27 00:00:10 UTC 2011
Execution time:  0 mins \n
Start:  Tue Dec 27 02:00:00 UTC 2011  End:  Tue Dec 27 02:15:46 UTC 2011
Execution time:  15 mins \n
Start:  Tue Dec 27 04:00:01 UTC 2011  End:  Tue Dec 27 04:17:22 UTC 2011
Execution time:  17 mins \n
Start:  Tue Dec 27 06:00:01 UTC 2011  End:  Tue Dec 27 06:17:21 UTC 2011
Execution time:  17 mins \n
Start:  Tue Dec 27 08:00:00 UTC 2011  End:  Tue Dec 27 08:17:15 UTC 2011
Execution time:  17 mins \n
Start:  Tue Dec 27 10:00:01 UTC 2011  End:  Tue Dec 27 10:15:45 UTC 2011
Execution time:  15 mins \n
Start:  Tue Dec 27 12:00:00 UTC 2011  End:  Tue Dec 27 12:17:34 UTC 2011
Execution time:  17 mins \n
Start:  Tue Dec 27 14:00:01 UTC 2011  End:  Tue Dec 27 14:16:25 UTC 2011
Execution time:  16 mins \n
Start:  Tue Dec 27 16:00:00 UTC 2011  End:  Tue Dec 27 16:16:05 UTC 2011
Execution time:  16 mins \n
Start:  Tue Dec 27 18:00:01 UTC 2011  End:  Tue Dec 27 18:17:25 UTC 2011
Execution time:  17 mins \n
Start:  Tue Dec 27 20:00:01 UTC 2011  End:  Tue Dec 27 20:18:03 UTC 2011
Execution time:  18 mins \n
Start:  Tue Dec 27 22:00:00 UTC 2011  End:  Tue Dec 27 22:15:51 UTC 2011
Execution time:  15 mins \n
Start:  Wed Dec 28 00:00:01 UTC 2011  End:  Wed Dec 28 00:00:10 UTC 2011
Execution time:  0 mins \n
Start:  Wed Dec 28 02:00:01 UTC 2011  End:  Wed Dec 28 02:14:44 UTC 2011
Execution time:  14 mins \n
Start:  Wed Dec 28 04:00:00 UTC 2011  End:  Wed Dec 28 04:19:34 UTC 2011
Execution time:  19 mins \n
Start:  Wed Dec 28 06:00:00 UTC 2011  End:  Wed Dec 28 06:17:01 UTC 2011
Execution time:  17 mins \n
Start:  Wed Dec 28 08:00:01 UTC 2011  End:  Wed Dec 28 08:17:33 UTC 2011
Execution time:  17 mins \n
Start:  Wed Dec 28 10:00:01 UTC 2011  End:  Wed Dec 28 10:18:41 UTC 2011
Execution time:  18 mins \n
Start:  Wed Dec 28 12:00:01 UTC 2011  End:  Wed Dec 28 12:18:06 UTC 2011
Execution time:  18 mins \n
Start:  Wed Dec 28 14:00:00 UTC 2011  End:  Wed Dec 28 14:17:16 UTC 2011
Execution time:  17 mins \n
Start:  Wed Dec 28 16:00:01 UTC 2011  End:  Wed Dec 28 16:17:46 UTC 2011
Execution time:  17 mins \n
Start:  Wed Dec 28 18:00:00 UTC 2011  End:  Wed Dec 28 18:17:35 UTC 2011
Execution time:  17 mins \n
Start:  Wed Dec 28 20:00:01 UTC 2011  End:  Wed Dec 28 20:18:20 UTC 2011
Execution time:  18 mins \n
Start:  Wed Dec 28 22:00:01 UTC 2011  End:  Wed Dec 28 22:17:36 UTC 2011
Execution time:  17 mins \n
Start:  Thu Dec 29 00:00:01 UTC 2011  End:  Thu Dec 29 00:00:09 UTC 2011
Execution time:  0 mins \n
Start:  Thu Dec 29 02:00:01 UTC 2011  End:  Thu Dec 29 02:16:05 UTC 2011
Execution time:  16 mins \n
Start:  Thu Dec 29 04:00:00 UTC 2011  End:  Thu Dec 29 04:17:58 UTC 2011
Execution time:  17 mins \n
Start:  Thu Dec 29 06:00:01 UTC 2011  End:  Thu Dec 29 06:17:37 UTC 2011
Execution time:  17 mins \n
Start:  Thu Dec 29 08:00:00 UTC 2011  End:  Thu Dec 29 08:18:34 UTC 2011
Execution time:  18 mins \n
Start:  Thu Dec 29 10:00:01 UTC 2011  End:  Thu Dec 29 10:29:05 UTC 2011
Execution time:  29 mins \n
Start:  Thu Dec 29 14:00:01 UTC 2011  End:  Thu Dec 29 14:19:13 UTC 2011
Execution time:  19 mins \n
Start:  Thu Dec 29 16:00:01 UTC 2011  End:  Thu Dec 29 16:20:18 UTC 2011
Execution time:  20 mins \n
Start:  Thu Dec 29 18:00:01 UTC 2011  End:  Thu Dec 29 18:20:03 UTC 2011
Execution time:  20 mins \n
Start:  Thu Dec 29 20:00:01 UTC 2011  End:  Thu Dec 29 20:18:56 UTC 2011
Execution time:  18 mins \n
Start:  Thu Dec 29 22:00:00 UTC 2011  End:  Thu Dec 29 22:19:35 UTC 2011
Execution time:  19 mins \n
Start:  Fri Dec 30 00:00:01 UTC 2011  End:  Fri Dec 30 00:00:10 UTC 2011
Execution time:  0 mins \n
Start:  Fri Dec 30 02:00:01 UTC 2011  End:  Fri Dec 30 02:15:11 UTC 2011
Execution time:  15 mins \n
Start:  Fri Dec 30 04:00:00 UTC 2011  End:  Fri Dec 30 04:17:20 UTC 2011
Execution time:  17 mins \n
Start:  Fri Dec 30 06:00:01 UTC 2011  End:  Fri Dec 30 06:17:10 UTC 2011
Execution time:  17 mins \n
Start:  Fri Dec 30 08:00:01 UTC 2011  End:  Fri Dec 30 08:16:59 UTC 2011
Execution time:  16 mins \n
Start:  Fri Dec 30 10:00:00 UTC 2011  End:  Fri Dec 30 10:18:23 UTC 2011
Execution time:  18 mins \n
Start:  Fri Dec 30 12:00:01 UTC 2011  End:  Fri Dec 30 12:17:02 UTC 2011
Execution time:  17 mins \n
Start:  Fri Dec 30 14:00:00 UTC 2011  End:  Fri Dec 30 14:15:47 UTC 2011
Execution time:  15 mins \n
Start:  Fri Dec 30 16:00:00 UTC 2011  End:  Fri Dec 30 16:18:08 UTC 2011
Execution time:  18 mins \n
Start:  Fri Dec 30 18:00:01 UTC 2011  End:  Fri Dec 30 18:18:04 UTC 2011
Execution time:  18 mins \n
Start:  Fri Dec 30 20:00:01 UTC 2011  End:  Fri Dec 30 20:18:46 UTC 2011
Execution time:  18 mins \n
Start:  Fri Dec 30 22:00:01 UTC 2011  End:  Fri Dec 30 22:18:29 UTC 2011
Execution time:  18 mins \n
Start:  Sat Dec 31 00:00:00 UTC 2011  End:  Sat Dec 31 00:00:09 UTC 2011
Execution time:  0 mins \n
Start:  Sat Dec 31 02:00:00 UTC 2011  End:  Sat Dec 31 02:14:56 UTC 2011
Execution time:  14 mins \n
Start:  Sat Dec 31 04:00:01 UTC 2011  End:  Sat Dec 31 04:16:46 UTC 2011
Execution time:  16 mins \n
Start:  Sat Dec 31 06:00:00 UTC 2011  End:  Sat Dec 31 06:15:49 UTC 2011
Execution time:  15 mins \n
Start:  Sat Dec 31 08:00:01 UTC 2011  End:  Sat Dec 31 08:17:51 UTC 2011
Execution time:  17 mins \n
Start:  Sat Dec 31 10:00:01 UTC 2011  End:  Sat Dec 31 10:20:30 UTC 2011
Execution time:  20 mins \n
Start:  Sat Dec 31 12:00:01 UTC 2011  End:  Sat Dec 31 12:18:25 UTC 2011
Execution time:  18 mins \n
Start:  Sat Dec 31 14:00:00 UTC 2011  End:  Sat Dec 31 14:17:12 UTC 2011
Execution time:  17 mins \n
Start:  Sat Dec 31 16:00:00 UTC 2011  End:  Sat Dec 31 16:17:08 UTC 2011
Execution time:  17 mins \n
Start:  Sat Dec 31 18:00:01 UTC 2011  End:  Sat Dec 31 18:16:27 UTC 2011
Execution time:  16 mins \n
Start:  Sat Dec 31 20:00:01 UTC 2011  End:  Sat Dec 31 20:18:51 UTC 2011
Execution time:  18 mins \n
Start:  Sat Dec 31 22:00:01 UTC 2011  End:  Sat Dec 31 22:18:44 UTC 2011
Execution time:  18 mins \n
Start:  Sun Jan 1 00:00:01 UTC 2012  End:  Sun Jan 1 00:00:11 UTC 2012
Execution time:  0 mins \n
Start:  Sun Jan 1 02:00:01 UTC 2012  End:  Sun Jan 1 02:10:51 UTC 2012
Execution time:  10 mins \n
Start:  Sun Jan 1 04:00:01 UTC 2012  End:  Sun Jan 1 04:10:32 UTC 2012
Execution time:  10 mins \n
Start:  Sun Jan 1 06:00:00 UTC 2012  End:  Sun Jan 1 06:14:11 UTC 2012
Execution time:  14 mins \n
Start:  Sun Jan 1 08:00:00 UTC 2012  End:  Sun Jan 1 08:14:17 UTC 2012
Execution time:  14 mins \n
Start:  Sun Jan 1 10:00:01 UTC 2012  End:  Sun Jan 1 10:15:03 UTC 2012
Execution time:  15 mins \n
Start:  Sun Jan 1 12:00:00 UTC 2012  End:  Sun Jan 1 12:17:12 UTC 2012
Execution time:  17 mins \n
Start:  Sun Jan 1 14:00:00 UTC 2012  End:  Sun Jan 1 14:15:48 UTC 2012
Execution time:  15 mins \n
Start:  Sun Jan 1 16:00:01 UTC 2012  End:  Sun Jan 1 16:15:06 UTC 2012
Execution time:  15 mins \n
Start:  Sun Jan 1 18:00:01 UTC 2012  End:  Sun Jan 1 18:15:30 UTC 2012
Execution time:  15 mins \n
Start:  Sun Jan 1 20:00:01 UTC 2012  End:  Sun Jan 1 20:16:38 UTC 2012
Execution time:  16 mins \n
Start:  Sun Jan 1 22:00:01 UTC 2012  End:  Sun Jan 1 22:16:52 UTC 2012
Execution time:  16 mins \n
Start:  Mon Jan 2 00:00:01 UTC 2012  End:  Mon Jan 2 00:00:12 UTC 2012
Execution time:  0 mins \n
Start:  Mon Jan 2 02:00:01 UTC 2012  End:  Mon Jan 2 02:13:13 UTC 2012
Execution time:  13 mins \n
Start:  Mon Jan 2 04:00:00 UTC 2012  End:  Mon Jan 2 04:14:16 UTC 2012
Execution time:  14 mins \n
Start:  Mon Jan 2 06:00:01 UTC 2012  End:  Mon Jan 2 06:14:37 UTC 2012
Execution time:  14 mins \n
Start:  Mon Jan 2 08:00:01 UTC 2012  End:  Mon Jan 2 08:15:59 UTC 2012
Execution time:  15 mins \n
Start:  Mon Jan 2 10:00:01 UTC 2012  End:  Mon Jan 2 10:15:46 UTC 2012
Execution time:  15 mins \n
Start:  Mon Jan 2 12:00:01 UTC 2012  End:  Mon Jan 2 12:14:12 UTC 2012
Execution time:  14 mins \n
Start:  Mon Jan 2 14:00:01 UTC 2012  End:  Mon Jan 2 14:15:42 UTC 2012
Execution time:  15 mins \n
Start:  Mon Jan 2 16:00:01 UTC 2012  End:  Mon Jan 2 16:15:03 UTC 2012
Execution time:  15 mins \n
Start:  Mon Jan 2 18:00:01 UTC 2012  End:  Mon Jan 2 18:15:26 UTC 2012
Execution time:  15 mins \n
Start:  Mon Jan 2 20:00:01 UTC 2012  End:  Mon Jan 2 20:16:52 UTC 2012
Execution time:  16 mins \n
Start:  Mon Jan 2 22:00:01 UTC 2012  End:  Mon Jan 2 22:15:09 UTC 2012
Execution time:  15 mins \n
Start:  Tue Jan 3 00:00:01 UTC 2012  End:  Tue Jan 3 00:00:10 UTC 2012
Execution time:  0 mins \n
Start:  Tue Jan 3 02:00:01 UTC 2012  End:  Tue Jan 3 02:14:54 UTC 2012
Execution time:  14 mins \n
Start:  Tue Jan 3 04:00:01 UTC 2012  End:  Tue Jan 3 04:15:12 UTC 2012
Execution time:  15 mins \n
Start:  Tue Jan 3 06:00:01 UTC 2012  End:  Tue Jan 3 06:17:41 UTC 2012
Execution time:  17 mins \n
Start:  Tue Jan 3 08:00:01 UTC 2012  End:  Tue Jan 3 08:15:56 UTC 2012
Execution time:  15 mins \n
Start:  Tue Jan 3 10:00:01 UTC 2012  End:  Tue Jan 3 10:15:51 UTC 2012
Execution time:  15 mins \n
Start:  Tue Jan 3 12:00:01 UTC 2012  End:  Tue Jan 3 12:15:07 UTC 2012
Execution time:  15 mins \n
Start:  Tue Jan 3 14:00:01 UTC 2012  End:  Tue Jan 3 14:18:30 UTC 2012
Execution time:  18 mins \n
Start:  Tue Jan 3 16:00:01 UTC 2012  End:  Tue Jan 3 16:17:44 UTC 2012
Execution time:  17 mins \n
Start:  Tue Jan 3 18:00:01 UTC 2012  End:  Tue Jan 3 18:16:36 UTC 2012
Execution time:  16 mins \n
Start:  Tue Jan 3 20:00:01 UTC 2012  End:  Tue Jan 3 20:16:59 UTC 2012
Execution time:  16 mins \n
Start:  Tue Jan 3 22:00:01 UTC 2012  End:  Tue Jan 3 22:16:34 UTC 2012
Execution time:  16 mins \n
Start:  Wed Jan 4 00:00:00 UTC 2012  End:  Wed Jan 4 00:00:09 UTC 2012
Execution time:  0 mins \n
Start:  Wed Jan 4 02:00:01 UTC 2012  End:  Wed Jan 4 02:14:32 UTC 2012
Execution time:  14 mins \n
Start:  Wed Jan 4 04:00:00 UTC 2012  End:  Wed Jan 4 04:15:34 UTC 2012
Execution time:  15 mins \n
Start:  Wed Jan 4 06:00:01 UTC 2012  End:  Wed Jan 4 06:16:06 UTC 2012
Execution time:  16 mins \n
Start:  Wed Jan 4 08:00:01 UTC 2012  End:  Wed Jan 4 08:17:32 UTC 2012
Execution time:  17 mins \n
Start:  Wed Jan 4 10:00:01 UTC 2012  End:  Wed Jan 4 10:17:19 UTC 2012
Execution time:  17 mins \n
Start:  Wed Jan 4 12:00:00 UTC 2012  End:  Wed Jan 4 12:19:13 UTC 2012
Execution time:  19 mins \n
Start:  Wed Jan 4 14:00:01 UTC 2012  End:  Wed Jan 4 14:17:15 UTC 2012
Execution time:  17 mins \n
Start:  Wed Jan 4 16:00:01 UTC 2012  End:  Wed Jan 4 16:17:18 UTC 2012
Execution time:  17 mins \n
Start:  Wed Jan 4 18:00:00 UTC 2012  End:  Wed Jan 4 18:16:32 UTC 2012
Execution time:  16 mins \n
Start:  Wed Jan 4 20:00:00 UTC 2012  End:  Wed Jan 4 20:18:15 UTC 2012
Execution time:  18 mins \n
Start:  Wed Jan 4 22:00:00 UTC 2012  End:  Wed Jan 4 22:16:57 UTC 2012
Execution time:  16 mins \n
Start:  Thu Jan 5 00:00:00 UTC 2012  End:  Thu Jan 5 00:00:11 UTC 2012
Execution time:  0 mins \n
Start:  Thu Jan 5 02:00:01 UTC 2012  End:  Thu Jan 5 02:14:16 UTC 2012
Execution time:  14 mins \n
Start:  Thu Jan 5 04:00:00 UTC 2012  End:  Thu Jan 5 04:17:53 UTC 2012
Execution time:  17 mins \n
Start:  Thu Jan 5 06:00:00 UTC 2012  End:  Thu Jan 5 06:17:00 UTC 2012
Execution time:  17 mins \n
Start:  Thu Jan 5 08:00:01 UTC 2012  End:  Thu Jan 5 08:16:55 UTC 2012
Execution time:  16 mins \n
Start:  Thu Jan 5 10:00:01 UTC 2012  End:  Thu Jan 5 10:14:41 UTC 2012
Execution time:  14 mins \n
Start:  Thu Jan 5 12:00:01 UTC 2012  End:  Thu Jan 5 12:14:37 UTC 2012
Execution time:  14 mins \n
Start:  Thu Jan 5 14:00:01 UTC 2012  End:  Thu Jan 5 14:14:07 UTC 2012
Execution time:  14 mins \n
Start:  Thu Jan 5 16:00:01 UTC 2012  End:  Thu Jan 5 16:16:05 UTC 2012
Execution time:  16 mins \n
Start:  Thu Jan 5 18:00:01 UTC 2012  End:  Thu Jan 5 18:16:19 UTC 2012
Execution time:  16 mins \n
Start:  Thu Jan 5 20:00:01 UTC 2012  End:  Thu Jan 5 20:17:19 UTC 2012
Execution time:  17 mins \n
Start:  Thu Jan 5 22:00:00 UTC 2012  End:  Thu Jan 5 22:15:32 UTC 2012
Execution time:  15 mins \n
Start:  Fri Jan 6 00:00:01 UTC 2012  End:  Fri Jan 6 00:00:12 UTC 2012
Execution time:  0 mins \n
Start:  Fri Jan 6 02:00:00 UTC 2012  End:  Fri Jan 6 02:15:59 UTC 2012
Execution time:  15 mins \n
Start:  Fri Jan 6 04:00:01 UTC 2012  End:  Fri Jan 6 04:17:49 UTC 2012
Execution time:  17 mins \n
Start:  Fri Jan 6 06:00:01 UTC 2012  End:  Fri Jan 6 06:19:11 UTC 2012
Execution time:  19 mins \n
Start:  Fri Jan 6 08:00:01 UTC 2012  End:  Fri Jan 6 08:18:48 UTC 2012
Execution time:  18 mins \n
Start:  Fri Jan 6 10:00:01 UTC 2012  End:  Fri Jan 6 10:20:17 UTC 2012
Execution time:  20 mins \n
Start:  Fri Jan 6 12:00:01 UTC 2012  End:  Fri Jan 6 12:17:11 UTC 2012
Execution time:  17 mins \n
Start:  Fri Jan 6 14:00:01 UTC 2012  End:  Fri Jan 6 14:15:45 UTC 2012
Execution time:  15 mins \n
Start:  Fri Jan 6 16:00:01 UTC 2012  End:  Fri Jan 6 16:18:29 UTC 2012
Execution time:  18 mins \n
Start:  Fri Jan 6 18:00:01 UTC 2012  End:  Fri Jan 6 18:18:46 UTC 2012
Execution time:  18 mins \n
Start:  Fri Jan 6 20:00:01 UTC 2012  End:  Fri Jan 6 20:18:54 UTC 2012
Execution time:  18 mins \n
Start:  Fri Jan 6 22:00:01 UTC 2012  End:  Fri Jan 6 22:17:19 UTC 2012
Execution time:  17 mins \n
Start:  Sat Jan 7 00:00:01 UTC 2012  End:  Sat Jan 7 00:00:10 UTC 2012
Execution time:  0 mins \n
Start:  Sat Jan 7 02:00:00 UTC 2012  End:  Sat Jan 7 02:16:26 UTC 2012
Execution time:  16 mins \n
Start:  Sat Jan 7 04:00:01 UTC 2012  End:  Sat Jan 7 04:18:40 UTC 2012
Execution time:  18 mins \n
Start:  Sat Jan 7 06:00:01 UTC 2012  End:  Sat Jan 7 06:19:30 UTC 2012
Execution time:  19 mins \n
Start:  Sat Jan 7 08:00:00 UTC 2012  End:  Sat Jan 7 08:17:36 UTC 2012
Execution time:  17 mins \n
Start:  Sat Jan 7 10:00:01 UTC 2012  End:  Sat Jan 7 10:16:24 UTC 2012
Execution time:  16 mins \n
Start:  Sat Jan 7 12:00:00 UTC 2012  End:  Sat Jan 7 12:15:59 UTC 2012
Execution time:  15 mins \n
Start:  Sat Jan 7 14:00:01 UTC 2012  End:  Sat Jan 7 14:16:40 UTC 2012
Execution time:  16 mins \n
Start:  Sat Jan 7 16:00:01 UTC 2012  End:  Sat Jan 7 16:17:48 UTC 2012
Execution time:  17 mins \n
Start:  Sat Jan 7 18:00:01 UTC 2012  End:  Sat Jan 7 18:18:00 UTC 2012
Execution time:  18 mins \n
Start:  Sat Jan 7 20:00:00 UTC 2012  End:  Sat Jan 7 20:18:38 UTC 2012
Execution time:  18 mins \n
Start:  Sat Jan 7 22:00:01 UTC 2012  End:  Sat Jan 7 22:19:42 UTC 2012
Execution time:  19 mins \n
Start:  Sun Jan 8 00:00:01 UTC 2012  End:  Sun Jan 8 00:00:11 UTC 2012
Execution time:  0 mins \n
Start:  Sun Jan 8 02:00:00 UTC 2012  End:  Sun Jan 8 02:16:05 UTC 2012
Execution time:  16 mins \n
Start:  Sun Jan 8 04:00:01 UTC 2012  End:  Sun Jan 8 04:17:18 UTC 2012
Execution time:  17 mins \n
Start:  Sun Jan 8 06:00:01 UTC 2012  End:  Sun Jan 8 06:18:36 UTC 2012
Execution time:  18 mins \n
Start:  Sun Jan 8 08:00:00 UTC 2012  End:  Sun Jan 8 08:17:10 UTC 2012
Execution time:  17 mins \n
Start:  Sun Jan 8 10:00:01 UTC 2012  End:  Sun Jan 8 10:20:53 UTC 2012
Execution time:  20 mins \n
Start:  Sun Jan 8 12:00:01 UTC 2012  End:  Sun Jan 8 12:18:46 UTC 2012
Execution time:  18 mins \n
Start:  Sun Jan 8 14:00:01 UTC 2012  End:  Sun Jan 8 14:17:05 UTC 2012
Execution time:  17 mins \n
Start:  Sun Jan 8 16:00:01 UTC 2012  End:  Sun Jan 8 16:17:04 UTC 2012
Execution time:  17 mins \n
Start:  Sun Jan 8 18:00:00 UTC 2012  End:  Sun Jan 8 18:17:32 UTC 2012
Execution time:  17 mins \n
Start:  Sun Jan 8 20:00:01 UTC 2012  End:  Sun Jan 8 20:17:56 UTC 2012
Execution time:  17 mins \n
Start:  Sun Jan 8 22:00:01 UTC 2012  End:  Sun Jan 8 22:21:14 UTC 2012
Execution time:  21 mins \n
Start:  Mon Jan 9 00:00:01 UTC 2012  End:  Mon Jan 9 00:00:12 UTC 2012
Execution time:  0 mins \n
Start:  Mon Jan 9 02:00:01 UTC 2012  End:  Mon Jan 9 02:17:11 UTC 2012
Execution time:  17 mins \n
Start:  Mon Jan 9 04:00:01 UTC 2012  End:  Mon Jan 9 04:16:43 UTC 2012
Execution time:  16 mins \n
Start:  Mon Jan 9 06:00:00 UTC 2012  End:  Mon Jan 9 06:16:37 UTC 2012
Execution time:  16 mins \n
Start:  Mon Jan 9 08:00:00 UTC 2012  End:  Mon Jan 9 08:20:22 UTC 2012
Execution time:  20 mins \n
Start:  Mon Jan 9 10:00:01 UTC 2012  End:  Mon Jan 9 10:18:44 UTC 2012
Execution time:  18 mins \n
Start:  Mon Jan 9 12:00:01 UTC 2012  End:  Mon Jan 9 12:17:38 UTC 2012
Execution time:  17 mins \n
Start:  Mon Jan 9 14:00:01 UTC 2012  End:  Mon Jan 9 14:18:53 UTC 2012
Execution time:  18 mins \n
Start:  Mon Jan 9 16:00:01 UTC 2012  End:  Mon Jan 9 16:17:34 UTC 2012
Execution time:  17 mins \n
Start:  Mon Jan 9 20:00:01 UTC 2012  End:  Mon Jan 9 20:17:55 UTC 2012
Execution time:  17 mins \n
Start:  Mon Jan 9 22:00:02 UTC 2012  End:  Mon Jan 9 22:19:09 UTC 2012
Execution time:  19 mins \n
Start:  Tue Jan 10 00:00:01 UTC 2012  End:  Tue Jan 10 00:00:10 UTC 2012
Execution time:  0 mins \n
Start:  Tue Jan 10 02:00:00 UTC 2012  End:  Tue Jan 10 02:16:33 UTC 2012
Execution time:  16 mins \n
Start:  Tue Jan 10 04:00:00 UTC 2012  End:  Tue Jan 10 04:17:58 UTC 2012
Execution time:  17 mins \n
Start:  Tue Jan 10 06:00:00 UTC 2012  End:  Tue Jan 10 06:16:45 UTC 2012
Execution time:  16 mins \n
Start:  Tue Jan 10 08:00:01 UTC 2012  End:  Tue Jan 10 08:17:51 UTC 2012
Execution time:  17 mins \n
Start:  Tue Jan 10 10:00:01 UTC 2012  End:  Tue Jan 10 10:19:11 UTC 2012
Execution time:  19 mins \n
Start:  Tue Jan 10 12:00:01 UTC 2012  End:  Tue Jan 10 12:21:01 UTC 2012
Execution time:  21 mins \n
Start:  Tue Jan 10 14:00:01 UTC 2012  End:  Tue Jan 10 14:19:11 UTC 2012
Execution time:  19 mins \n
Start:  Tue Jan 10 16:00:01 UTC 2012  End:  Tue Jan 10 16:18:41 UTC 2012
Execution time:  18 mins \n
Start:  Tue Jan 10 18:00:00 UTC 2012  End:  Tue Jan 10 18:19:14 UTC 2012
Execution time:  19 mins \n
Start:  Tue Jan 10 20:00:01 UTC 2012  End:  Tue Jan 10 20:19:28 UTC 2012
Execution time:  19 mins \n
Start:  Tue Jan 10 22:00:00 UTC 2012  End:  Tue Jan 10 22:19:49 UTC 2012
Execution time:  19 mins \n
Start:  Wed Jan 11 00:00:01 UTC 2012  End:  Wed Jan 11 00:00:10 UTC 2012
Execution time:  0 mins \n
Start:  Wed Jan 11 02:00:01 UTC 2012  End:  Wed Jan 11 02:15:44 UTC 2012
Execution time:  15 mins \n
Start:  Wed Jan 11 04:00:00 UTC 2012  End:  Wed Jan 11 04:18:48 UTC 2012
Execution time:  18 mins \n
Start:  Wed Jan 11 06:00:01 UTC 2012  End:  Wed Jan 11 06:17:27 UTC 2012
Execution time:  17 mins \n
Start:  Wed Jan 11 08:00:01 UTC 2012  End:  Wed Jan 11 08:19:13 UTC 2012
Execution time:  19 mins \n
Start:  Wed Jan 11 10:00:01 UTC 2012  End:  Wed Jan 11 10:20:09 UTC 2012
Execution time:  20 mins \n
Start:  Wed Jan 11 12:00:01 UTC 2012  End:  Wed Jan 11 12:19:28 UTC 2012
Execution time:  19 mins \n
Start:  Wed Jan 11 14:00:01 UTC 2012  End:  Wed Jan 11 14:19:03 UTC 2012
Execution time:  19 mins \n
Start:  Wed Jan 11 16:00:01 UTC 2012  End:  Wed Jan 11 16:19:00 UTC 2012
Execution time:  19 mins \n
Start:  Wed Jan 11 18:00:01 UTC 2012  End:  Wed Jan 11 18:18:32 UTC 2012
Execution time:  18 mins \n
Start:  Wed Jan 11 20:00:01 UTC 2012  End:  Wed Jan 11 20:17:57 UTC 2012
Execution time:  17 mins \n
Start:  Wed Jan 11 22:00:01 UTC 2012  End:  Wed Jan 11 22:18:17 UTC 2012
Execution time:  18 mins \n
Start:  Thu Jan 12 00:00:01 UTC 2012  End:  Thu Jan 12 00:00:12 UTC 2012
Execution time:  0 mins \n
Start:  Thu Jan 12 02:00:01 UTC 2012  End:  Thu Jan 12 02:15:26 UTC 2012
Execution time:  15 mins \n
Start:  Thu Jan 12 04:00:01 UTC 2012  End:  Thu Jan 12 04:16:31 UTC 2012
Execution time:  16 mins \n
Start:  Thu Jan 12 06:00:00 UTC 2012  End:  Thu Jan 12 06:15:17 UTC 2012
Execution time:  15 mins \n
Start:  Thu Jan 12 08:00:01 UTC 2012  End:  Thu Jan 12 08:15:41 UTC 2012
Execution time:  15 mins \n
Start:  Thu Jan 12 10:00:00 UTC 2012  End:  Thu Jan 12 10:16:05 UTC 2012
Execution time:  16 mins \n
Start:  Thu Jan 12 12:00:01 UTC 2012  End:  Thu Jan 12 12:19:23 UTC 2012
Execution time:  19 mins \n
Start:  Thu Jan 12 14:00:00 UTC 2012  End:  Thu Jan 12 14:15:16 UTC 2012
Execution time:  15 mins \n
Start:  Thu Jan 12 16:00:00 UTC 2012  End:  Thu Jan 12 16:17:38 UTC 2012
Execution time:  17 mins \n
Start:  Thu Jan 12 18:00:01 UTC 2012  End:  Thu Jan 12 18:18:19 UTC 2012
Execution time:  18 mins \n
Start:  Thu Jan 12 20:00:01 UTC 2012  End:  Thu Jan 12 20:18:03 UTC 2012
Execution time:  18 mins \n
Start:  Thu Jan 12 22:00:01 UTC 2012  End:  Thu Jan 12 22:17:07 UTC 2012
Execution time:  17 mins \n
Start:  Fri Jan 13 00:00:01 UTC 2012  End:  Fri Jan 13 00:00:11 UTC 2012
Execution time:  0 mins \n
Start:  Fri Jan 13 02:00:00 UTC 2012  End:  Fri Jan 13 02:14:17 UTC 2012
Execution time:  14 mins \n
Start:  Fri Jan 13 04:00:01 UTC 2012  End:  Fri Jan 13 04:18:04 UTC 2012
Execution time:  18 mins \n
Start:  Fri Jan 13 06:00:01 UTC 2012  End:  Fri Jan 13 06:16:48 UTC 2012
Execution time:  16 mins \n
Start:  Fri Jan 13 08:00:01 UTC 2012  End:  Fri Jan 13 08:15:52 UTC 2012
Execution time:  15 mins \n
Start:  Fri Jan 13 10:00:01 UTC 2012  End:  Fri Jan 13 10:18:12 UTC 2012
Execution time:  18 mins \n
Start:  Fri Jan 13 12:00:01 UTC 2012  End:  Fri Jan 13 12:16:53 UTC 2012
Execution time:  16 mins \n
Start:  Fri Jan 13 14:00:01 UTC 2012  End:  Fri Jan 13 14:16:53 UTC 2012
Execution time:  16 mins \n
Start:  Fri Jan 13 16:00:01 UTC 2012  End:  Fri Jan 13 16:15:50 UTC 2012
Execution time:  15 mins \n
Start:  Fri Jan 13 18:00:01 UTC 2012  End:  Fri Jan 13 18:14:59 UTC 2012
Execution time:  14 mins \n
Start:  Fri Jan 13 20:00:01 UTC 2012  End:  Fri Jan 13 20:15:50 UTC 2012
Execution time:  15 mins \n
Start:  Fri Jan 13 22:00:01 UTC 2012  End:  Fri Jan 13 22:18:54 UTC 2012
Execution time:  18 mins \n
Start:  Sat Jan 14 00:00:01 UTC 2012  End:  Sat Jan 14 00:00:10 UTC 2012
Execution time:  0 mins \n
Start:  Sat Jan 14 02:00:00 UTC 2012  End:  Sat Jan 14 02:14:51 UTC 2012
Execution time:  14 mins \n
Start:  Sat Jan 14 04:00:01 UTC 2012  End:  Sat Jan 14 04:16:53 UTC 2012
Execution time:  16 mins \n
Start:  Sat Jan 14 06:00:00 UTC 2012  End:  Sat Jan 14 06:18:17 UTC 2012
Execution time:  18 mins \n
Start:  Sat Jan 14 08:00:01 UTC 2012  End:  Sat Jan 14 08:15:52 UTC 2012
Execution time:  15 mins \n
Start:  Sat Jan 14 10:00:01 UTC 2012  End:  Sat Jan 14 10:16:31 UTC 2012
Execution time:  16 mins \n
Start:  Sat Jan 14 12:00:01 UTC 2012  End:  Sat Jan 14 12:16:00 UTC 2012
Execution time:  16 mins \n
Start:  Sat Jan 14 14:00:00 UTC 2012  End:  Sat Jan 14 14:14:23 UTC 2012
Execution time:  14 mins \n
Start:  Sat Jan 14 16:00:01 UTC 2012  End:  Sat Jan 14 16:17:48 UTC 2012
Execution time:  17 mins \n
Start:  Sat Jan 14 18:00:00 UTC 2012  End:  Sat Jan 14 18:17:46 UTC 2012
Execution time:  17 mins \n
Start:  Sat Jan 14 22:00:01 UTC 2012  End:  Sat Jan 14 22:16:56 UTC 2012
Execution time:  16 mins \n
Start:  Sun Jan 15 00:00:01 UTC 2012  End:  Sun Jan 15 00:00:12 UTC 2012
Execution time:  0 mins \n
Start:  Sun Jan 15 02:00:00 UTC 2012  End:  Sun Jan 15 02:14:49 UTC 2012
Execution time:  14 mins \n
Start:  Sun Jan 15 04:00:00 UTC 2012  End:  Sun Jan 15 04:17:27 UTC 2012
Execution time:  17 mins \n
Start:  Sun Jan 15 06:00:01 UTC 2012  End:  Sun Jan 15 06:16:38 UTC 2012
Execution time:  16 mins \n
Start:  Sun Jan 15 08:00:00 UTC 2012  End:  Sun Jan 15 08:20:35 UTC 2012
Execution time:  20 mins \n
Start:  Sun Jan 15 10:00:01 UTC 2012  End:  Sun Jan 15 10:19:51 UTC 2012
Execution time:  19 mins \n
Start:  Sun Jan 15 12:00:00 UTC 2012  End:  Sun Jan 15 12:20:22 UTC 2012
Execution time:  20 mins \n
Start:  Sun Jan 15 14:00:01 UTC 2012  End:  Sun Jan 15 14:18:14 UTC 2012
Execution time:  18 mins \n
Start:  Sun Jan 15 16:00:01 UTC 2012  End:  Sun Jan 15 16:19:19 UTC 2012
Execution time:  19 mins \n
Start:  Sun Jan 15 18:00:01 UTC 2012  End:  Sun Jan 15 18:19:24 UTC 2012
Execution time:  19 mins \n
Start:  Sun Jan 15 20:00:01 UTC 2012  End:  Sun Jan 15 20:18:48 UTC 2012
Execution time:  18 mins \n
Start:  Sun Jan 15 22:00:01 UTC 2012  End:  Sun Jan 15 22:19:55 UTC 2012
Execution time:  19 mins \n
Start:  Mon Jan 16 00:00:01 UTC 2012  End:  Mon Jan 16 00:00:11 UTC 2012
Execution time:  0 mins \n
Start:  Mon Jan 16 02:00:01 UTC 2012  End:  Mon Jan 16 02:15:45 UTC 2012
Execution time:  15 mins \n
Start:  Mon Jan 16 04:00:00 UTC 2012  End:  Mon Jan 16 04:15:25 UTC 2012
Execution time:  15 mins \n
Start:  Mon Jan 16 06:00:00 UTC 2012  End:  Mon Jan 16 06:16:54 UTC 2012
Execution time:  16 mins \n
Start:  Mon Jan 16 08:00:01 UTC 2012  End:  Mon Jan 16 08:16:41 UTC 2012
Execution time:  16 mins \n
Start:  Mon Jan 16 10:00:01 UTC 2012  End:  Mon Jan 16 10:19:30 UTC 2012
Execution time:  19 mins \n
Start:  Mon Jan 16 12:00:01 UTC 2012  End:  Mon Jan 16 12:19:13 UTC 2012
Execution time:  19 mins \n
Start:  Mon Jan 16 14:00:01 UTC 2012  End:  Mon Jan 16 14:17:21 UTC 2012
Execution time:  17 mins \n
Start:  Mon Jan 16 16:00:01 UTC 2012  End:  Mon Jan 16 16:19:07 UTC 2012
Execution time:  19 mins \n
Start:  Mon Jan 16 18:00:00 UTC 2012  End:  Mon Jan 16 18:19:00 UTC 2012
Execution time:  19 mins \n
Start:  Mon Jan 16 20:00:00 UTC 2012  End:  Mon Jan 16 20:17:26 UTC 2012
Execution time:  17 mins \n
Start:  Mon Jan 16 22:00:01 UTC 2012  End:  Mon Jan 16 22:19:15 UTC 2012
Execution time:  19 mins \n
Start:  Tue Jan 17 00:00:01 UTC 2012  End:  Tue Jan 17 00:00:11 UTC 2012
Execution time:  0 mins \n
Start:  Tue Jan 17 02:00:01 UTC 2012  End:  Tue Jan 17 02:15:18 UTC 2012
Execution time:  15 mins \n
Start:  Tue Jan 17 04:00:01 UTC 2012  End:  Tue Jan 17 04:17:20 UTC 2012
Execution time:  17 mins \n
Start:  Tue Jan 17 06:00:00 UTC 2012  End:  Tue Jan 17 06:17:08 UTC 2012
Execution time:  17 mins \n
Start:  Tue Jan 17 08:00:01 UTC 2012  End:  Tue Jan 17 08:19:21 UTC 2012
Execution time:  19 mins \n
Start:  Tue Jan 17 10:00:01 UTC 2012  End:  Tue Jan 17 10:18:03 UTC 2012
Execution time:  18 mins \n
Start:  Tue Jan 17 12:00:01 UTC 2012  End:  Tue Jan 17 12:19:00 UTC 2012
Execution time:  19 mins \n
Start:  Tue Jan 17 14:00:00 UTC 2012  End:  Tue Jan 17 14:22:26 UTC 2012
Execution time:  22 mins \n
Start:  Tue Jan 17 16:00:01 UTC 2012  End:  Tue Jan 17 16:19:19 UTC 2012
Execution time:  19 mins \n
Start:  Tue Jan 17 18:00:01 UTC 2012  End:  Tue Jan 17 18:19:21 UTC 2012
Execution time:  19 mins \n
Start:  Tue Jan 17 20:00:01 UTC 2012  End:  Tue Jan 17 20:20:08 UTC 2012
Execution time:  20 mins \n
Start:  Tue Jan 17 22:00:01 UTC 2012  End:  Tue Jan 17 22:18:29 UTC 2012
Execution time:  18 mins \n
Start:  Wed Jan 18 00:00:01 UTC 2012  End:  Wed Jan 18 00:00:11 UTC 2012
Execution time:  0 mins \n
Start:  Wed Jan 18 02:00:01 UTC 2012  End:  Wed Jan 18 02:16:06 UTC 2012
Execution time:  16 mins \n
Start:  Wed Jan 18 04:00:01 UTC 2012  End:  Wed Jan 18 04:16:53 UTC 2012
Execution time:  16 mins \n
Start:  Wed Jan 18 06:00:01 UTC 2012  End:  Wed Jan 18 06:17:42 UTC 2012
Execution time:  17 mins \n
Start:  Wed Jan 18 08:00:01 UTC 2012  End:  Wed Jan 18 08:17:58 UTC 2012
Execution time:  17 mins \n
Start:  Wed Jan 18 10:00:00 UTC 2012  End:  Wed Jan 18 10:18:01 UTC 2012
Execution time:  18 mins \n
Start:  Wed Jan 18 12:00:01 UTC 2012  End:  Wed Jan 18 12:16:11 UTC 2012
Execution time:  16 mins \n
Start:  Wed Jan 18 14:00:01 UTC 2012  End:  Wed Jan 18 14:16:18 UTC 2012
Execution time:  16 mins \n
Start:  Wed Jan 18 16:00:01 UTC 2012  End:  Wed Jan 18 16:19:26 UTC 2012
Execution time:  19 mins \n
Start:  Wed Jan 18 18:00:01 UTC 2012  End:  Wed Jan 18 18:18:22 UTC 2012
Execution time:  18 mins \n
Start:  Wed Jan 18 20:00:01 UTC 2012  End:  Wed Jan 18 20:20:20 UTC 2012
Execution time:  20 mins \n
Start:  Wed Jan 18 22:00:02 UTC 2012  End:  Wed Jan 18 22:20:23 UTC 2012
Execution time:  20 mins \n
Start:  Thu Jan 19 00:00:01 UTC 2012  End:  Thu Jan 19 00:00:11 UTC 2012
Execution time:  0 mins \n
Start:  Thu Jan 19 02:00:00 UTC 2012  End:  Thu Jan 19 02:15:51 UTC 2012
Execution time:  15 mins \n
Start:  Thu Jan 19 04:00:01 UTC 2012  End:  Thu Jan 19 04:17:42 UTC 2012
Execution time:  17 mins \n
Start:  Thu Jan 19 06:00:01 UTC 2012  End:  Thu Jan 19 06:17:46 UTC 2012
Execution time:  17 mins \n
Start:  Thu Jan 19 08:00:01 UTC 2012  End:  Thu Jan 19 08:18:13 UTC 2012
Execution time:  18 mins \n
Start:  Thu Jan 19 10:00:02 UTC 2012  End:  Thu Jan 19 10:18:20 UTC 2012
Execution time:  18 mins \n
Start:  Thu Jan 19 12:00:01 UTC 2012  End:  Thu Jan 19 12:18:52 UTC 2012
Execution time:  18 mins \n
Start:  Thu Jan 19 14:00:01 UTC 2012  End:  Thu Jan 19 14:18:16 UTC 2012
Execution time:  18 mins \n
Start:  Thu Jan 19 16:00:01 UTC 2012  End:  Thu Jan 19 16:21:18 UTC 2012
Execution time:  21 mins \n
Start:  Thu Jan 19 18:00:01 UTC 2012  End:  Thu Jan 19 18:20:35 UTC 2012
Execution time:  20 mins \n
Start:  Thu Jan 19 20:00:01 UTC 2012  End:  Thu Jan 19 20:22:26 UTC 2012
Execution time:  22 mins \n
Start:  Thu Jan 19 22:00:01 UTC 2012  End:  Thu Jan 19 22:20:47 UTC 2012
Execution time:  20 mins \n
Start:  Fri Jan 20 00:00:00 UTC 2012  End:  Fri Jan 20 00:00:10 UTC 2012
Execution time:  0 mins \n
Start:  Fri Jan 20 02:00:01 UTC 2012  End:  Fri Jan 20 02:20:02 UTC 2012
Execution time:  20 mins \n
Start:  Fri Jan 20 04:00:00 UTC 2012  End:  Fri Jan 20 04:17:49 UTC 2012
Execution time:  17 mins \n
Start:  Fri Jan 20 06:00:01 UTC 2012  End:  Fri Jan 20 06:18:23 UTC 2012
Execution time:  18 mins \n
Start:  Fri Jan 20 08:00:01 UTC 2012  End:  Fri Jan 20 08:18:58 UTC 2012
Execution time:  18 mins \n
Start:  Fri Jan 20 10:00:01 UTC 2012  End:  Fri Jan 20 10:19:54 UTC 2012
Execution time:  19 mins \n
Start:  Fri Jan 20 12:00:01 UTC 2012  End:  Fri Jan 20 12:19:54 UTC 2012
Execution time:  19 mins \n
Start:  Fri Jan 20 14:00:01 UTC 2012  End:  Fri Jan 20 14:20:38 UTC 2012
Execution time:  20 mins \n
Start:  Fri Jan 20 16:00:01 UTC 2012  End:  Fri Jan 20 16:18:36 UTC 2012
Execution time:  18 mins \n
Start:  Fri Jan 20 18:00:00 UTC 2012  End:  Fri Jan 20 18:19:16 UTC 2012
Execution time:  19 mins \n
Start:  Fri Jan 20 20:00:01 UTC 2012  End:  Fri Jan 20 20:18:17 UTC 2012
Execution time:  18 mins \n
Start:  Fri Jan 20 22:00:01 UTC 2012  End:  Fri Jan 20 22:19:15 UTC 2012
Execution time:  19 mins \n
Start:  Sat Jan 21 00:00:01 UTC 2012  End:  Sat Jan 21 00:00:12 UTC 2012
Execution time:  0 mins \n
Start:  Sat Jan 21 02:00:01 UTC 2012  End:  Sat Jan 21 02:15:40 UTC 2012
Execution time:  15 mins \n
Start:  Sat Jan 21 04:00:01 UTC 2012  End:  Sat Jan 21 04:16:50 UTC 2012
Execution time:  16 mins \n
Start:  Sat Jan 21 06:00:01 UTC 2012  End:  Sat Jan 21 06:17:22 UTC 2012
Execution time:  17 mins \n
Start:  Sat Jan 21 08:00:01 UTC 2012  End:  Sat Jan 21 08:18:35 UTC 2012
Execution time:  18 mins \n
Start:  Sat Jan 21 10:00:01 UTC 2012  End:  Sat Jan 21 10:19:46 UTC 2012
Execution time:  19 mins \n
Start:  Sat Jan 21 12:00:01 UTC 2012  End:  Sat Jan 21 12:18:15 UTC 2012
Execution time:  18 mins \n
Start:  Sat Jan 21 14:00:01 UTC 2012  End:  Sat Jan 21 14:18:31 UTC 2012
Execution time:  18 mins \n
Start:  Sat Jan 21 16:00:01 UTC 2012  End:  Sat Jan 21 16:18:55 UTC 2012
Execution time:  18 mins \n
Start:  Sat Jan 21 18:00:01 UTC 2012  End:  Sat Jan 21 18:18:29 UTC 2012
Execution time:  18 mins \n
Start:  Sat Jan 21 20:00:01 UTC 2012  End:  Sat Jan 21 20:19:00 UTC 2012
Execution time:  19 mins \n
Start:  Sat Jan 21 22:00:00 UTC 2012  End:  Sat Jan 21 22:18:35 UTC 2012
Execution time:  18 mins \n
Start:  Sun Jan 22 00:00:01 UTC 2012  End:  Sun Jan 22 00:00:10 UTC 2012
Execution time:  0 mins \n
Start:  Sun Jan 22 02:00:01 UTC 2012  End:  Sun Jan 22 03:14:29 UTC 2012
Execution time:  14 mins \n
Start:  Sun Jan 22 04:00:01 UTC 2012  End:  Sun Jan 22 04:17:54 UTC 2012
Execution time:  17 mins \n
Start:  Sun Jan 22 06:00:00 UTC 2012  End:  Sun Jan 22 06:19:20 UTC 2012
Execution time:  19 mins \n
Start:  Sun Jan 22 08:00:01 UTC 2012  End:  Sun Jan 22 08:18:02 UTC 2012
Execution time:  18 mins \n
Start:  Sun Jan 22 10:00:01 UTC 2012  End:  Sun Jan 22 10:20:07 UTC 2012
Execution time:  20 mins \n
Start:  Sun Jan 22 12:00:01 UTC 2012  End:  Sun Jan 22 12:19:29 UTC 2012
Execution time:  19 mins \n
Start:  Sun Jan 22 14:00:01 UTC 2012  End:  Sun Jan 22 14:18:56 UTC 2012
Execution time:  18 mins \n
Start:  Sun Jan 22 16:00:00 UTC 2012  End:  Sun Jan 22 16:19:16 UTC 2012
Execution time:  19 mins \n
Start:  Sun Jan 22 18:00:01 UTC 2012  End:  Sun Jan 22 18:18:04 UTC 2012
Execution time:  18 mins \n
Start:  Sun Jan 22 20:00:00 UTC 2012  End:  Sun Jan 22 20:18:42 UTC 2012
Execution time:  18 mins \n
Start:  Sun Jan 22 22:00:01 UTC 2012  End:  Sun Jan 22 22:19:22 UTC 2012
Execution time:  19 mins \n
Start:  Mon Jan 23 00:00:01 UTC 2012  End:  Mon Jan 23 00:00:11 UTC 2012
Execution time:  0 mins \n
Start:  Mon Jan 23 02:00:01 UTC 2012  End:  Mon Jan 23 02:15:12 UTC 2012
Execution time:  15 mins \n
Start:  Mon Jan 23 04:00:01 UTC 2012  End:  Mon Jan 23 04:16:41 UTC 2012
Execution time:  16 mins \n
Start:  Mon Jan 23 06:00:01 UTC 2012  End:  Mon Jan 23 06:16:53 UTC 2012
Execution time:  16 mins \n
Start:  Mon Jan 23 10:00:01 UTC 2012  End:  Mon Jan 23 10:18:19 UTC 2012
Execution time:  18 mins \n
Start:  Mon Jan 23 12:00:01 UTC 2012  End:  Mon Jan 23 12:18:21 UTC 2012
Execution time:  18 mins \n
Start:  Mon Jan 23 14:00:01 UTC 2012  End:  Mon Jan 23 14:17:05 UTC 2012
Execution time:  17 mins \n
Start:  Mon Jan 23 16:00:01 UTC 2012  End:  Mon Jan 23 16:18:14 UTC 2012
Execution time:  18 mins \n
Start:  Mon Jan 23 18:00:01 UTC 2012  End:  Mon Jan 23 18:19:16 UTC 2012
Execution time:  19 mins \n
Start:  Mon Jan 23 20:00:01 UTC 2012  End:  Mon Jan 23 20:17:52 UTC 2012
Execution time:  17 mins \n
Start:  Mon Jan 23 22:00:01 UTC 2012  End:  Mon Jan 23 22:18:43 UTC 2012
Execution time:  18 mins \n
Start:  Tue Jan 24 00:00:01 UTC 2012  End:  Tue Jan 24 00:00:11 UTC 2012
Execution time:  0 mins \n
Start:  Tue Jan 24 02:00:00 UTC 2012  End:  Tue Jan 24 02:14:18 UTC 2012
Execution time:  14 mins \n
Start:  Tue Jan 24 04:00:01 UTC 2012  End:  Tue Jan 24 04:17:20 UTC 2012
Execution time:  17 mins \n
Start:  Tue Jan 24 06:00:01 UTC 2012  End:  Tue Jan 24 06:16:50 UTC 2012
Execution time:  16 mins \n
Start:  Tue Jan 24 08:00:00 UTC 2012  End:  Tue Jan 24 08:19:35 UTC 2012
Execution time:  19 mins \n
Start:  Tue Jan 24 10:00:00 UTC 2012  End:  Tue Jan 24 10:21:19 UTC 2012
Execution time:  21 mins \n
Start:  Tue Jan 24 12:00:01 UTC 2012  End:  Tue Jan 24 12:18:42 UTC 2012
Execution time:  18 mins \n
Start:  Tue Jan 24 14:00:00 UTC 2012  End:  Tue Jan 24 14:17:42 UTC 2012
Execution time:  17 mins \n
Start:  Tue Jan 24 16:00:01 UTC 2012  End:  Tue Jan 24 16:16:28 UTC 2012
Execution time:  16 mins \n
Start:  Tue Jan 24 18:00:01 UTC 2012  End:  Tue Jan 24 18:18:46 UTC 2012
Execution time:  18 mins \n
Start:  Tue Jan 24 20:00:01 UTC 2012  End:  Tue Jan 24 20:18:27 UTC 2012
Execution time:  18 mins \n
Start:  Tue Jan 24 22:00:02 UTC 2012  End:  Tue Jan 24 22:20:09 UTC 2012
Execution time:  20 mins \n
Start:  Wed Jan 25 00:00:01 UTC 2012  End:  Wed Jan 25 00:00:11 UTC 2012
Execution time:  0 mins \n
Start:  Wed Jan 25 02:00:01 UTC 2012  End:  Wed Jan 25 02:14:15 UTC 2012
Execution time:  14 mins \n
Start:  Wed Jan 25 04:00:01 UTC 2012  End:  Wed Jan 25 04:15:53 UTC 2012
Execution time:  15 mins \n
Start:  Wed Jan 25 06:00:01 UTC 2012  End:  Wed Jan 25 06:16:22 UTC 2012
Execution time:  16 mins \n
Start:  Wed Jan 25 08:00:01 UTC 2012  End:  Wed Jan 25 08:15:37 UTC 2012
Execution time:  15 mins \n
Start:  Wed Jan 25 10:00:00 UTC 2012  End:  Wed Jan 25 10:15:17 UTC 2012
Execution time:  15 mins \n
Start:  Wed Jan 25 12:11:47 UTC 2012  End:  Wed Jan 25 12:24:57 UTC 2012
Execution time:  13 mins \n
Start:  Wed Jan 25 12:29:54 UTC 2012  End:  Wed Jan 25 12:45:49 UTC 2012
Execution time:  16 mins \n
Start:  Wed Jan 25 12:56:56 UTC 2012  End:  Wed Jan 25 13:12:37 UTC 2012
Execution time:  -44 mins \n
Start:  Wed Jan 25 14:00:01 UTC 2012  End:  Wed Jan 25 14:14:41 UTC 2012
Execution time:  14 mins \n
Start:  Wed Jan 25 16:00:02 UTC 2012  End:  Wed Jan 25 16:17:25 UTC 2012
Execution time:  17 mins \n
Start:  Wed Jan 25 18:00:01 UTC 2012  End:  Wed Jan 25 18:18:16 UTC 2012
Execution time:  18 mins \n
